2022-11-20T13:35:28.9276078+00:00  [INF] Starting IdentityServer4 version "4.1.2+997a6cdd643e46cd5762b710c4ddc43574cbec2e" (8add0571)
2022-11-20T13:35:28.9750183+00:00  [INF] You are using the in-memory version of the persisted grant store. This will store consent decisions, authorization codes, refresh and reference tokens in memory only. If you are using any of those features in production, you want to switch to a different store implementation. (553c312b)
2022-11-20T13:35:28.9846583+00:00  [INF] Using the default authentication scheme "Bearer" for IdentityServer (4a54f457)
2022-11-20T13:35:28.9916143+00:00  [INF] Authentication scheme "Bearer" is configured for IdentityServer, but it is not a scheme that supports signin (like cookies). If you support interactive logins via the browser, then a cookie-based scheme should be used. (70b7fc41)
2022-11-20T13:35:35.2269045+00:00  [INF] Generating inbuilt accounts (d5983574)
2022-11-20T13:35:35.4019937+00:00  [INF] Generating default role: administrator (6378380e)
2022-11-20T13:35:35.7858780+00:00  [INF] Generating default role: user (66af5219)
2022-11-20T13:35:35.7948109+00:00  [INF] Generating default user: admin (e9745755)
2022-11-20T13:35:36.0233575+00:00  [INF] Generating default user: user (40664e01)
2022-11-20T13:35:36.0452025+00:00  [INF] Inbuilt account generation completed (a663d88d)
2022-11-20T13:35:36.0544502+00:00  [INF] Seeding demo data (450ab6b6)
2022-11-20T13:35:36.3145493+00:00  [INF] Seeding demo data completed (9ad589ff)
2022-11-20T13:35:36.8357691+00:00  [INF] Now listening on: "https://localhost:44350" (d826f4b8)
2022-11-20T13:35:36.8376045+00:00  [INF] Now listening on: "http://localhost:5050" (d826f4b8)
2022-11-20T13:35:36.8393990+00:00  [INF] Application started. Press Ctrl+C to shut down. (dcaefe54)
2022-11-20T13:35:36.8410420+00:00  [INF] Hosting environment: "Development" (c3307c92)
2022-11-20T13:35:36.8426179+00:00  [INF] Content root path: "D:\Ambiente de Trabalho\Just Fo Test Angular\Test Angular\Quick Application1\Quick_Application1\" (b5d60022)
2022-11-20T13:35:42.0720896+00:00 0HMMAVGDR4CMD:00000001 [INF] No SPA development server running at https://localhost:44450 found. (faa82a70)
2022-11-20T13:35:42.2247394+00:00 0HMMAVGDR4CMD:00000001 [INF] SPA proxy is not ready. Returning temporary landing page. (72ef90a5)
2022-11-20T13:35:49.4350594+00:00 0HMMAVGDR4CMD:00000005 [INF] SPA proxy is not ready. Returning temporary landing page. (72ef90a5)
2022-11-20T13:35:56.5662839+00:00 0HMMAVGDR4CMD:00000007 [INF] SPA proxy is not ready. Returning temporary landing page. (72ef90a5)
2022-11-20T13:36:09.6281866+00:00 0HMMAVGDR4CMD:00000009 [INF] SPA proxy is not ready. Returning temporary landing page. (72ef90a5)
2022-11-20T13:36:22.6739703+00:00 0HMMAVGDR4CMD:0000000B [INF] SPA proxy is not ready. Returning temporary landing page. (72ef90a5)
2022-11-20T13:36:35.7554737+00:00 0HMMAVGDR4CMD:0000000F [INF] SPA proxy is not ready. Returning temporary landing page. (72ef90a5)
2022-11-20T13:36:48.5441353+00:00 0HMMAVGDR4CMD:00000011 [INF] No SPA development server running at https://localhost:44450 found. (faa82a70)
2022-11-20T13:36:48.6314505+00:00  [INF] Application is shutting down... (90f52c38)
2022-11-20T13:36:48.7404104+00:00 0HMMAVGDR4CMD:00000011 [ERR] Couldn't start the SPA development server with command 'npm start'. (1b2540fa)
2022-11-20T13:36:48.7827261+00:00 0HMMAVGDR4CMD:00000011 [INF] SPA proxy is not ready. Returning temporary landing page. (72ef90a5)
2022-11-20T14:53:28.4880778+00:00  [INF] Starting IdentityServer4 version "4.1.2+997a6cdd643e46cd5762b710c4ddc43574cbec2e" (8add0571)
2022-11-20T14:53:28.5387591+00:00  [INF] You are using the in-memory version of the persisted grant store. This will store consent decisions, authorization codes, refresh and reference tokens in memory only. If you are using any of those features in production, you want to switch to a different store implementation. (553c312b)
2022-11-20T14:53:28.5786919+00:00  [INF] Using the default authentication scheme "Bearer" for IdentityServer (4a54f457)
2022-11-20T14:53:28.5823377+00:00  [INF] Authentication scheme "Bearer" is configured for IdentityServer, but it is not a scheme that supports signin (like cookies). If you support interactive logins via the browser, then a cookie-based scheme should be used. (70b7fc41)
2022-11-20T14:53:31.9406150+00:00  [INF] Now listening on: "https://localhost:44350" (d826f4b8)
2022-11-20T14:53:31.9423530+00:00  [INF] Now listening on: "http://localhost:5050" (d826f4b8)
2022-11-20T14:53:31.9442502+00:00  [INF] Application started. Press Ctrl+C to shut down. (dcaefe54)
2022-11-20T14:53:31.9459469+00:00  [INF] Hosting environment: "Development" (c3307c92)
2022-11-20T14:53:31.9477953+00:00  [INF] Content root path: "D:\Ambiente de Trabalho\Just Fo Test Angular\Test Angular\Quick Application1\Quick_Application1\" (b5d60022)
2022-11-20T14:53:36.9483097+00:00 0HMMB0RV4OH67:00000001 [INF] No SPA development server running at https://localhost:44450 found. (faa82a70)
2022-11-20T14:53:37.1043594+00:00 0HMMB0RV4OH67:00000001 [INF] SPA proxy is not ready. Returning temporary landing page. (72ef90a5)
2022-11-20T14:53:44.3080167+00:00 0HMMB0RV4OH67:00000003 [INF] SPA proxy is not ready. Returning temporary landing page. (72ef90a5)
2022-11-20T14:53:57.4080534+00:00 0HMMB0RV4OH67:00000007 [INF] SPA proxy is not ready. Returning temporary landing page. (72ef90a5)
2022-11-20T14:54:10.4754231+00:00 0HMMB0RV4OH67:00000009 [INF] SPA proxy is not ready. Returning temporary landing page. (72ef90a5)
2022-11-20T14:54:23.5791059+00:00 0HMMB0RV4OH67:0000000B [INF] SPA proxy is not ready. Returning temporary landing page. (72ef90a5)
2022-11-20T14:54:32.2329582+00:00 0HMMB0RV4OH67:0000000D [INF] SPA proxy is ready. Redirecting to https://localhost:44450. (8ea0a81a)
2022-11-20T14:54:33.4359317+00:00 0HMMB0RV4OH67:00000001 [INF] SPA development server running at 'https://localhost:44450' (88247629)
2022-11-20T14:55:53.3389777+00:00 0HMMB0RV4OH68:00000002 [INF] Invoking IdentityServer endpoint: "IdentityServer4.Endpoints.TokenEndpoint" for "/connect/token" (f7642de5)
2022-11-20T14:55:53.7205710+00:00 0HMMB0RV4OH68:00000002 [INF] No user found matching username: "Test" (cd7b29f8)
2022-11-20T14:55:53.7482574+00:00 0HMMB0RV4OH68:00000002 [INF] User authentication failed: "invalid_username_or_password", details: TokenRequestValidationLog { ClientId: "quickapp_spa", ClientName: null, GrantType: "password", Scopes: "email offline_access openid phone profile quickapp_api roles", AuthorizationCode: "********", RefreshToken: "********", UserName: "Test", AuthenticationContextReferenceClasses: null, Tenant: null, IdP: null, Raw: [("username": "Test"), ("password": "***REDACTED***"), ("client_id": "quickapp_spa"), ("grant_type": "password"), ("scope": "openid email phone profile offline_access roles quickapp_api")] } (07b239aa)
2022-11-20T14:59:19.0777328+00:00  [INF] Starting IdentityServer4 version "4.1.2+997a6cdd643e46cd5762b710c4ddc43574cbec2e" (8add0571)
2022-11-20T14:59:19.1200469+00:00  [INF] You are using the in-memory version of the persisted grant store. This will store consent decisions, authorization codes, refresh and reference tokens in memory only. If you are using any of those features in production, you want to switch to a different store implementation. (553c312b)
2022-11-20T14:59:19.1452795+00:00  [INF] Using the default authentication scheme "Bearer" for IdentityServer (4a54f457)
2022-11-20T14:59:19.1470499+00:00  [INF] Authentication scheme "Bearer" is configured for IdentityServer, but it is not a scheme that supports signin (like cookies). If you support interactive logins via the browser, then a cookie-based scheme should be used. (70b7fc41)
2022-11-20T14:59:22.4318469+00:00  [INF] Now listening on: "https://localhost:44350" (d826f4b8)
2022-11-20T14:59:22.4337098+00:00  [INF] Now listening on: "http://localhost:5050" (d826f4b8)
2022-11-20T14:59:22.4357443+00:00  [INF] Application started. Press Ctrl+C to shut down. (dcaefe54)
2022-11-20T14:59:22.4374542+00:00  [INF] Hosting environment: "Development" (c3307c92)
2022-11-20T14:59:22.4393003+00:00  [INF] Content root path: "D:\Ambiente de Trabalho\Just Fo Test Angular\Test Angular\Quick Application1\Quick_Application1\" (b5d60022)
2022-11-20T14:59:27.3181989+00:00 0HMMB0V7I1EB1:00000001 [INF] No SPA development server running at https://localhost:44450 found. (faa82a70)
2022-11-20T14:59:27.4800150+00:00 0HMMB0V7I1EB1:00000001 [INF] SPA proxy is not ready. Returning temporary landing page. (72ef90a5)
2022-11-20T14:59:34.6629090+00:00 0HMMB0V7I1EB1:00000003 [INF] SPA proxy is not ready. Returning temporary landing page. (72ef90a5)
2022-11-20T14:59:47.7090865+00:00 0HMMB0V7I1EB1:00000005 [INF] SPA proxy is not ready. Returning temporary landing page. (72ef90a5)
2022-11-20T14:59:52.2846317+00:00 0HMMB0V7I1EB1:00000001 [INF] SPA development server running at 'https://localhost:44450' (88247629)
2022-11-20T14:59:52.8215903+00:00 0HMMB0V7I1EB1:00000007 [INF] SPA proxy is ready. Redirecting to https://localhost:44450. (8ea0a81a)
2022-11-20T15:00:09.6832275+00:00 0HMMB0V7I1EB2:00000002 [INF] Invoking IdentityServer endpoint: "IdentityServer4.Endpoints.TokenEndpoint" for "/connect/token" (f7642de5)
2022-11-20T15:00:10.1809538+00:00 0HMMB0V7I1EB2:00000002 [INF] Credentials validated for username: "admin" (cb811aa7)
2022-11-20T15:00:10.2160139+00:00 0HMMB0V7I1EB2:00000002 [INF] Token request validation success, TokenRequestValidationLog { ClientId: "quickapp_spa", ClientName: null, GrantType: "password", Scopes: "email offline_access openid phone profile quickapp_api roles", AuthorizationCode: "********", RefreshToken: "********", UserName: "admin", AuthenticationContextReferenceClasses: null, Tenant: null, IdP: null, Raw: [("username": "admin"), ("password": "***REDACTED***"), ("client_id": "quickapp_spa"), ("grant_type": "password"), ("scope": "openid email phone profile offline_access roles quickapp_api")] } (3a073258)
2022-11-20T15:01:16.0375924+00:00 0HMMB0V7I1EB5:00000002 [INF] Invoking IdentityServer endpoint: "IdentityServer4.Endpoints.DiscoveryEndpoint" for "/.well-known/openid-configuration" (f7642de5)
2022-11-20T15:01:16.1144752+00:00 0HMMB0V7I1EB5:00000003 [INF] Invoking IdentityServer endpoint: "IdentityServer4.Endpoints.DiscoveryKeyEndpoint" for "/.well-known/openid-configuration/jwks" (f7642de5)
2022-11-20T15:01:16.8788913+00:00 0HMMB0V7I1EB4:00000002 [WRN] Compiling a query which loads related collections for more than one collection navigation, either via 'Include' or through projection, but no 'QuerySplittingBehavior' has been configured. By default, Entity Framework will use 'QuerySplittingBehavior.SingleQuery', which can potentially result in slow query performance. See https://go.microsoft.com/fwlink/?linkid=2134277 for more information. To identify the query that's triggering this warning call 'ConfigureWarnings(w => w.Throw(RelationalEventId.MultipleCollectionIncludeWarning))'. (4c53259e)
